Using pre-set license
Built from '2021.1/staging' branch; Version is '2021.1.7f1 (d91830b65d9b) revision 14227504'; Using compiler version '192528614'; Build Type 'Release'
OS: 'Windows 10 Home; OS build 22621.3007; Version 2009; 64bit' Language: 'en' Physical Memory: 14188 MB
BatchMode: 1, IsHumanControllingUs: 0, StartBugReporterOnCrash: 0, Is64bit: 1, IsPro: 0

 COMMAND LINE ARGUMENTS:
C:\Program Files\Unity\Hub\Editor\2021.1.7f1\Editor\Unity.exe
-adb2
-batchMode
-noUpm
-name
AssetImportWorker0
-projectPath
D:/Git Projects/DungeonCrawler/DungeonCrawler
-logFile
Logs/AssetImportWorker0.log
-srvPort
59371
Successfully changed project path to: D:/Git Projects/DungeonCrawler/DungeonCrawler
D:/Git Projects/DungeonCrawler/DungeonCrawler
Using Asset Import Pipeline V2.
Refreshing native plugins compatible for Editor in 76.57 ms, found 0 plugins.
Preloading 0 native plugins for Editor in 0.00 ms.
Initialize engine version: 2021.1.7f1 (d91830b65d9b)
[Subsystems] Discovering subsystems at path C:/Program Files/Unity/Hub/Editor/2021.1.7f1/Editor/Data/Resources/UnitySubsystems
[Subsystems] Discovering subsystems at path D:/Git Projects/DungeonCrawler/DungeonCrawler/Assets
GfxDevice: creating device client; threaded=0; jobified=0
Direct3D:
    Version:  Direct3D 11.0 [level 11.1]
    Renderer: NVIDIA GeForce RTX 3050 Ti Laptop GPU (ID=0x25e0)
    Vendor:   NVIDIA
    VRAM:     3977 MB
    Driver:   31.0.15.4633
Shader 'Universal Render Pipeline/Particles/Lit': fallback shader 'Universal Render Pipeline/Particles/SimpleLit' not found
Initialize mono
Mono path[0] = 'C:/Program Files/Unity/Hub/Editor/2021.1.7f1/Editor/Data/Managed'
Mono path[1] = 'C:/Program Files/Unity/Hub/Editor/2021.1.7f1/Editor/Data/MonoBleedingEdge/lib/mono/unityjit'
Mono config path = 'C:/Program Files/Unity/Hub/Editor/2021.1.7f1/Editor/Data/MonoBleedingEdge/etc'
Using monoOptions --debugger-agent=transport=dt_socket,embedding=1,server=y,suspend=n,address=127.0.0.1:56748
Begin MonoManager ReloadAssembly
Registering precompiled unity dll's ...
Register platform support module: C:/Program Files/Unity/Hub/Editor/2021.1.7f1/Editor/Data/PlaybackEngines/WindowsStandaloneSupport/UnityEditor.WindowsStandalone.Extensions.dll
Registered in 0.001899 seconds.
Native extension for WindowsStandalone target not found
Refreshing native plugins compatible for Editor in 72.46 ms, found 0 plugins.
Preloading 0 native plugins for Editor in 0.00 ms.
Mono: successfully reloaded assembly
- Completed reload, in  1.300 seconds
Platform modules already initialized, skipping
Registering precompiled user dll's ...
Registered in 0.002811 seconds.
Begin MonoManager ReloadAssembly
Native extension for WindowsStandalone target not found
Refreshing native plugins compatible for Editor in 83.43 ms, found 0 plugins.
Preloading 0 native plugins for Editor in 0.00 ms.
Mono: successfully reloaded assembly
- Completed reload, in  0.854 seconds
Platform modules already initialized, skipping
========================================================================
Worker process is ready to serve import requests
Shader 'Universal Render Pipeline/Particles/Lit': fallback shader 'Universal Render Pipeline/Particles/SimpleLit' not found
Launched and connected shader compiler UnityShaderCompiler.exe after 0.08 seconds
Refreshing native plugins compatible for Editor in 1.04 ms, found 0 plugins.
Preloading 0 native plugins for Editor in 0.00 ms.
Unloading 2218 Unused Serialized files (Serialized files now loaded: 0)
System memory in use before: 115.2 MB.
System memory in use after: 115.3 MB.

Unloading 13 unused Assets to reduce memory usage. Loaded Objects now: 2674.
Total: 3.070900 ms (FindLiveObjects: 0.334900 ms CreateObjectMapping: 0.173600 ms MarkObjects: 2.465600 ms  DeleteObjects: 0.095300 ms)

========================================================================
Received Import Request.
  path: Assets/Scripts/NodeGraph/RoomNodeGraphSO.cs
  artifactKey: Guid(405c9cec92b258c48bfe378aa229c70a) Importer(815301076,1909f56bfc062723c751e8b465ee728b)
Start importing Assets/Scripts/NodeGraph/RoomNodeGraphSO.cs using Guid(405c9cec92b258c48bfe378aa229c70a) Importer(815301076,1909f56bfc062723c751e8b465ee728b)  -> (artifact id: '6bdbcd0247b5c46dc8117a61ab880a2f') in 0.034120 seconds 
========================================================================
Received Import Request.
  Time since last request: 3.464667 seconds.
  path: Assets/Scripts/NodeGraph
  artifactKey: Guid(2de287678ffb67f44a65b1667f443675) Importer(815301076,1909f56bfc062723c751e8b465ee728b)
Start importing Assets/Scripts/NodeGraph using Guid(2de287678ffb67f44a65b1667f443675) Importer(815301076,1909f56bfc062723c751e8b465ee728b)  -> (artifact id: 'b780ae65dd374933325d70ce57a5396d') in 0.002825 seconds 
========================================================================
Received Import Request.
  Time since last request: 8.288183 seconds.
  path: Assets/Scripts/NodeGraph/RoomNodeSO.cs
  artifactKey: Guid(d686bfcd1c7d98e4f9fd508971a0c861) Importer(815301076,1909f56bfc062723c751e8b465ee728b)
Start importing Assets/Scripts/NodeGraph/RoomNodeSO.cs using Guid(d686bfcd1c7d98e4f9fd508971a0c861) Importer(815301076,1909f56bfc062723c751e8b465ee728b)  -> (artifact id: 'ef341760297a600384d613401164fd6a') in 0.003932 seconds 
========================================================================
Received Import Request.
  Time since last request: 187.172500 seconds.
  path: Assets/Scripts/NodeGraph/RoomNodeSO.cs
  artifactKey: Guid(d686bfcd1c7d98e4f9fd508971a0c861) Importer(815301076,1909f56bfc062723c751e8b465ee728b)
Start importing Assets/Scripts/NodeGraph/RoomNodeSO.cs using Guid(d686bfcd1c7d98e4f9fd508971a0c861) Importer(815301076,1909f56bfc062723c751e8b465ee728b)  -> (artifact id: '24d323a8b9a5fb995721cee9c861627b') in 0.002351 seconds 
========================================================================
Received Import Request.
  Time since last request: 50.572603 seconds.
  path: Assets/Scripts/NodeGraph/RoomNodeTypeSO.cs
  artifactKey: Guid(435803b23c52a3246aea97376e5e35ed) Importer(815301076,1909f56bfc062723c751e8b465ee728b)
Start importing Assets/Scripts/NodeGraph/RoomNodeTypeSO.cs using Guid(435803b23c52a3246aea97376e5e35ed) Importer(815301076,1909f56bfc062723c751e8b465ee728b)  -> (artifact id: '4d33270c6a52398f1566057203dd1f10') in 0.002817 seconds 
========================================================================
Received Import Request.
  Time since last request: 274.707951 seconds.
  path: Assets/Scripts/NodeGraph/RoomNodeTypeSO.cs
  artifactKey: Guid(435803b23c52a3246aea97376e5e35ed) Importer(815301076,1909f56bfc062723c751e8b465ee728b)
Start importing Assets/Scripts/NodeGraph/RoomNodeTypeSO.cs using Guid(435803b23c52a3246aea97376e5e35ed) Importer(815301076,1909f56bfc062723c751e8b465ee728b)  -> (artifact id: 'dd8320e563f0f22c404b8da999be8385') in 0.002985 seconds 
========================================================================
Received Import Request.
  Time since last request: 96.162624 seconds.
  path: Assets/Scripts/NodeGraph/RoomNodeTypeSO.cs
  artifactKey: Guid(435803b23c52a3246aea97376e5e35ed) Importer(815301076,1909f56bfc062723c751e8b465ee728b)
Start importing Assets/Scripts/NodeGraph/RoomNodeTypeSO.cs using Guid(435803b23c52a3246aea97376e5e35ed) Importer(815301076,1909f56bfc062723c751e8b465ee728b)  -> (artifact id: '1eb9fe1ee4294c3468f80f4145d1c106') in 0.002893 seconds 
========================================================================
Received Import Request.
  Time since last request: 37.946682 seconds.
  path: Assets/Scripts/NodeGraph/RoomNodeTypeSO.cs
  artifactKey: Guid(435803b23c52a3246aea97376e5e35ed) Importer(815301076,1909f56bfc062723c751e8b465ee728b)
Start importing Assets/Scripts/NodeGraph/RoomNodeTypeSO.cs using Guid(435803b23c52a3246aea97376e5e35ed) Importer(815301076,1909f56bfc062723c751e8b465ee728b)  -> (artifact id: '43e9885bdaeefe8da4bac2ec791ab2f8') in 0.002588 seconds 
========================================================================
Received Import Request.
  Time since last request: 102.835410 seconds.
  path: Assets/Scripts
  artifactKey: Guid(62c81e00b9db26a4795e53506a96b080) Importer(815301076,1909f56bfc062723c751e8b465ee728b)
Start importing Assets/Scripts using Guid(62c81e00b9db26a4795e53506a96b080) Importer(815301076,1909f56bfc062723c751e8b465ee728b)  -> (artifact id: '0ae416a1936d981ca74c973e2c7207f8') in 0.002346 seconds 
========================================================================
Received Import Request.
  Time since last request: 8.579875 seconds.
  path: Assets/Scripts/Utilities
  artifactKey: Guid(98280e10ef4efea4aa94e32af9a0af03) Importer(815301076,1909f56bfc062723c751e8b465ee728b)
Start importing Assets/Scripts/Utilities using Guid(98280e10ef4efea4aa94e32af9a0af03) Importer(815301076,1909f56bfc062723c751e8b465ee728b)  -> (artifact id: '916a93919cd36ce0202f747b3ebb4ba7') in 0.002197 seconds 
========================================================================
Received Import Request.
  Time since last request: 10.210501 seconds.
  path: Assets/Scripts/Utilities/HelperUtilities.cs
  artifactKey: Guid(0405c40b26218fd499898ab73fe5a7d4) Importer(815301076,1909f56bfc062723c751e8b465ee728b)
Start importing Assets/Scripts/Utilities/HelperUtilities.cs using Guid(0405c40b26218fd499898ab73fe5a7d4) Importer(815301076,1909f56bfc062723c751e8b465ee728b)  -> (artifact id: 'a171bd3a2f0b051945a34cddbcffdcb3') in 0.002575 seconds 
========================================================================
Received Import Request.
  Time since last request: 191.882236 seconds.
  path: Assets/Scripts/Utilities/HelperUtilities.cs
  artifactKey: Guid(0405c40b26218fd499898ab73fe5a7d4) Importer(815301076,1909f56bfc062723c751e8b465ee728b)
Start importing Assets/Scripts/Utilities/HelperUtilities.cs using Guid(0405c40b26218fd499898ab73fe5a7d4) Importer(815301076,1909f56bfc062723c751e8b465ee728b)  -> (artifact id: 'b85c1e788833a235c2e09704536f3cff') in 0.002493 seconds 
========================================================================
Received Import Request.
  Time since last request: 48.323064 seconds.
  path: Assets/Scripts/Utilities/HelperUtilities.cs
  artifactKey: Guid(0405c40b26218fd499898ab73fe5a7d4) Importer(815301076,1909f56bfc062723c751e8b465ee728b)
Start importing Assets/Scripts/Utilities/HelperUtilities.cs using Guid(0405c40b26218fd499898ab73fe5a7d4) Importer(815301076,1909f56bfc062723c751e8b465ee728b)  -> (artifact id: 'f3093428302d179bdb34e0535ab2747d') in 0.002368 seconds 
========================================================================
Received Import Request.
  Time since last request: 141.261718 seconds.
  path: Assets/Scripts/Utilities/HelperUtilities.cs
  artifactKey: Guid(0405c40b26218fd499898ab73fe5a7d4) Importer(815301076,1909f56bfc062723c751e8b465ee728b)
Start importing Assets/Scripts/Utilities/HelperUtilities.cs using Guid(0405c40b26218fd499898ab73fe5a7d4) Importer(815301076,1909f56bfc062723c751e8b465ee728b)  -> (artifact id: '4016cd99083f2fef5bf0cab78c459e7f') in 0.002053 seconds 
========================================================================
Received Import Request.
  Time since last request: 39.718816 seconds.
  path: Assets/Scripts/NodeGraph/NewBehaviourScript.cs
  artifactKey: Guid(3401402c9f0a3954eb3051fba4857af2) Importer(815301076,1909f56bfc062723c751e8b465ee728b)
Start importing Assets/Scripts/NodeGraph/NewBehaviourScript.cs using Guid(3401402c9f0a3954eb3051fba4857af2) Importer(815301076,1909f56bfc062723c751e8b465ee728b)  -> (artifact id: '4ba01b37dc51e5a2849ea1eba8f69fbd') in 0.005704 seconds 
========================================================================
Received Import Request.
  Time since last request: 11.583008 seconds.
  path: Assets/Scripts/NodeGraph/Editor
  artifactKey: Guid(af53513eb08ccef478cc41667e0484ca) Importer(815301076,1909f56bfc062723c751e8b465ee728b)
Start importing Assets/Scripts/NodeGraph/Editor using Guid(af53513eb08ccef478cc41667e0484ca) Importer(815301076,1909f56bfc062723c751e8b465ee728b)  -> (artifact id: 'c9e4c249f52bb2b6e85d4d7ed5d898f0') in 0.002416 seconds 
========================================================================
Received Import Request.
  Time since last request: 9.851688 seconds.
  path: Assets/Scripts/NodeGraph/Editor/RoomNodeTypeListSO.cs
  artifactKey: Guid(52d24d03a31048243a46c0ec48f6669e) Importer(815301076,1909f56bfc062723c751e8b465ee728b)
Start importing Assets/Scripts/NodeGraph/Editor/RoomNodeTypeListSO.cs using Guid(52d24d03a31048243a46c0ec48f6669e) Importer(815301076,1909f56bfc062723c751e8b465ee728b)  -> (artifact id: '10675e7bc04924db491e9dad21d0abe2') in 0.003328 seconds 
========================================================================
Received Import Request.
  Time since last request: 7.389461 seconds.
  path: Assets/Scripts/NodeGraph/RoomNodeTypeSO.cs
  artifactKey: Guid(435803b23c52a3246aea97376e5e35ed) Importer(815301076,1909f56bfc062723c751e8b465ee728b)
Start importing Assets/Scripts/NodeGraph/RoomNodeTypeSO.cs using Guid(435803b23c52a3246aea97376e5e35ed) Importer(815301076,1909f56bfc062723c751e8b465ee728b)  -> (artifact id: '4303b3b2478e5de5d08bcf8c5c0c2c3f') in 0.002067 seconds 
========================================================================
Received Prepare
Registering precompiled user dll's ...
Registered in 0.002700 seconds.
Begin MonoManager ReloadAssembly
Native extension for WindowsStandalone target not found
Refreshing native plugins compatible for Editor in 1.18 ms, found 0 plugins.
Preloading 0 native plugins for Editor in 0.00 ms.
Mono: successfully reloaded assembly
- Completed reload, in  0.763 seconds
Platform modules already initialized, skipping
Shader 'Universal Render Pipeline/Particles/Lit': fallback shader 'Universal Render Pipeline/Particles/SimpleLit' not found
Refreshing native plugins compatible for Editor in 1.65 ms, found 0 plugins.
Preloading 0 native plugins for Editor in 0.00 ms.
Unloading 2108 Unused Serialized files (Serialized files now loaded: 0)
System memory in use before: 107.9 MB.
System memory in use after: 108.0 MB.

Unloading 5 unused Assets to reduce memory usage. Loaded Objects now: 2680.
Total: 2.690000 ms (FindLiveObjects: 0.253100 ms CreateObjectMapping: 0.069400 ms MarkObjects: 2.342000 ms  DeleteObjects: 0.024400 ms)

========================================================================
Received Prepare
Registering precompiled user dll's ...
Registered in 0.002146 seconds.
Begin MonoManager ReloadAssembly
Native extension for WindowsStandalone target not found
Refreshing native plugins compatible for Editor in 1.28 ms, found 0 plugins.
Preloading 0 native plugins for Editor in 0.00 ms.
Mono: successfully reloaded assembly
- Completed reload, in  0.729 seconds
Platform modules already initialized, skipping
Shader 'Universal Render Pipeline/Particles/Lit': fallback shader 'Universal Render Pipeline/Particles/SimpleLit' not found
Refreshing native plugins compatible for Editor in 1.58 ms, found 0 plugins.
Preloading 0 native plugins for Editor in 0.00 ms.
Unloading 2108 Unused Serialized files (Serialized files now loaded: 0)
System memory in use before: 108.0 MB.
System memory in use after: 108.1 MB.

Unloading 5 unused Assets to reduce memory usage. Loaded Objects now: 2682.
Total: 2.367800 ms (FindLiveObjects: 0.180300 ms CreateObjectMapping: 0.096700 ms MarkObjects: 2.071400 ms  DeleteObjects: 0.018200 ms)

========================================================================
Received Import Request.
  Time since last request: 190.901682 seconds.
  path: Assets/Scripts/NodeGraph/Editor/RoomNodeGraphEditor.cs
  artifactKey: Guid(9588d86d9a8eb864eaaf249da37b1fc9) Importer(815301076,1909f56bfc062723c751e8b465ee728b)
Start importing Assets/Scripts/NodeGraph/Editor/RoomNodeGraphEditor.cs using Guid(9588d86d9a8eb864eaaf249da37b1fc9) Importer(815301076,1909f56bfc062723c751e8b465ee728b)  -> (artifact id: '0779b8513ab6540d17b44a309b108c70') in 0.005817 seconds 
========================================================================
Received Import Request.
  Time since last request: 3.663923 seconds.
  path: Assets/Scripts/NodeGraph/Editor/RoomNodeTypeListSO.cs
  artifactKey: Guid(52d24d03a31048243a46c0ec48f6669e) Importer(815301076,1909f56bfc062723c751e8b465ee728b)
Start importing Assets/Scripts/NodeGraph/Editor/RoomNodeTypeListSO.cs using Guid(52d24d03a31048243a46c0ec48f6669e) Importer(815301076,1909f56bfc062723c751e8b465ee728b)  -> (artifact id: 'f7ad5abe13d4abdb1f325a5c8df02273') in 0.003415 seconds 
========================================================================
Received Import Request.
  Time since last request: 230.157715 seconds.
  path: Assets/Scripts/Utilities/HelperUtilities.cs
  artifactKey: Guid(0405c40b26218fd499898ab73fe5a7d4) Importer(815301076,1909f56bfc062723c751e8b465ee728b)
Start importing Assets/Scripts/Utilities/HelperUtilities.cs using Guid(0405c40b26218fd499898ab73fe5a7d4) Importer(815301076,1909f56bfc062723c751e8b465ee728b)  -> (artifact id: '9c8075369251fa0bd9a0376315e78e81') in 0.002790 seconds 
========================================================================
Received Import Request.
  Time since last request: 13.577229 seconds.
  path: Assets/Scripts/Utilities/HelperUtilities.cs
  artifactKey: Guid(0405c40b26218fd499898ab73fe5a7d4) Importer(815301076,1909f56bfc062723c751e8b465ee728b)
Start importing Assets/Scripts/Utilities/HelperUtilities.cs using Guid(0405c40b26218fd499898ab73fe5a7d4) Importer(815301076,1909f56bfc062723c751e8b465ee728b)  -> (artifact id: '4aa5ef196914bb65427e522fc555704f') in 0.002065 seconds 
========================================================================
Received Import Request.
  Time since last request: 76.151172 seconds.
  path: Assets/Scripts/Utilities/HelperUtilities.cs
  artifactKey: Guid(0405c40b26218fd499898ab73fe5a7d4) Importer(815301076,1909f56bfc062723c751e8b465ee728b)
Start importing Assets/Scripts/Utilities/HelperUtilities.cs using Guid(0405c40b26218fd499898ab73fe5a7d4) Importer(815301076,1909f56bfc062723c751e8b465ee728b)  -> (artifact id: '3b022f762f0769f7c0856fb6d6056e0c') in 0.002136 seconds 
========================================================================
Received Prepare
Registering precompiled user dll's ...
Registered in 0.001795 seconds.
Begin MonoManager ReloadAssembly
Native extension for WindowsStandalone target not found
Refreshing native plugins compatible for Editor in 1.15 ms, found 0 plugins.
Preloading 0 native plugins for Editor in 0.00 ms.
Mono: successfully reloaded assembly
- Completed reload, in  0.808 seconds
Platform modules already initialized, skipping
Shader 'Universal Render Pipeline/Particles/Lit': fallback shader 'Universal Render Pipeline/Particles/SimpleLit' not found
Refreshing native plugins compatible for Editor in 1.12 ms, found 0 plugins.
Preloading 0 native plugins for Editor in 0.00 ms.
Unloading 2108 Unused Serialized files (Serialized files now loaded: 0)
System memory in use before: 108.1 MB.
System memory in use after: 108.2 MB.

Unloading 5 unused Assets to reduce memory usage. Loaded Objects now: 2684.
Total: 2.665900 ms (FindLiveObjects: 0.258300 ms CreateObjectMapping: 0.128000 ms MarkObjects: 2.254900 ms  DeleteObjects: 0.023500 ms)

========================================================================
Received Prepare
Registering precompiled user dll's ...
Registered in 0.002196 seconds.
Begin MonoManager ReloadAssembly
Native extension for WindowsStandalone target not found
Refreshing native plugins compatible for Editor in 1.05 ms, found 0 plugins.
Preloading 0 native plugins for Editor in 0.00 ms.
Mono: successfully reloaded assembly
- Completed reload, in  0.731 seconds
Platform modules already initialized, skipping
Shader 'Universal Render Pipeline/Particles/Lit': fallback shader 'Universal Render Pipeline/Particles/SimpleLit' not found
Refreshing native plugins compatible for Editor in 0.96 ms, found 0 plugins.
Preloading 0 native plugins for Editor in 0.00 ms.
Unloading 2108 Unused Serialized files (Serialized files now loaded: 0)
System memory in use before: 108.1 MB.
System memory in use after: 108.2 MB.

Unloading 5 unused Assets to reduce memory usage. Loaded Objects now: 2686.
Total: 2.019500 ms (FindLiveObjects: 0.218500 ms CreateObjectMapping: 0.054900 ms MarkObjects: 1.725500 ms  DeleteObjects: 0.019300 ms)

