Using pre-set license
Built from '2021.1/staging' branch; Version is '2021.1.7f1 (d91830b65d9b) revision 14227504'; Using compiler version '192528614'; Build Type 'Release'
OS: 'Windows 10 Home; OS build 22621.3007; Version 2009; 64bit' Language: 'en' Physical Memory: 14188 MB
BatchMode: 1, IsHumanControllingUs: 0, StartBugReporterOnCrash: 0, Is64bit: 1, IsPro: 0

 COMMAND LINE ARGUMENTS:
C:\Program Files\Unity\Hub\Editor\2021.1.7f1\Editor\Unity.exe
-adb2
-batchMode
-noUpm
-name
AssetImportWorker0
-projectPath
D:/Git Projects/DungeonCrawler/DungeonCrawler
-logFile
Logs/AssetImportWorker0.log
-srvPort
53686
Successfully changed project path to: D:/Git Projects/DungeonCrawler/DungeonCrawler
D:/Git Projects/DungeonCrawler/DungeonCrawler
Using Asset Import Pipeline V2.
Refreshing native plugins compatible for Editor in 37.05 ms, found 0 plugins.
Preloading 0 native plugins for Editor in 0.00 ms.
Initialize engine version: 2021.1.7f1 (d91830b65d9b)
[Subsystems] Discovering subsystems at path C:/Program Files/Unity/Hub/Editor/2021.1.7f1/Editor/Data/Resources/UnitySubsystems
[Subsystems] Discovering subsystems at path D:/Git Projects/DungeonCrawler/DungeonCrawler/Assets
GfxDevice: creating device client; threaded=0; jobified=0
Direct3D:
    Version:  Direct3D 11.0 [level 11.1]
    Renderer: NVIDIA GeForce RTX 3050 Ti Laptop GPU (ID=0x25e0)
    Vendor:   NVIDIA
    VRAM:     3977 MB
    Driver:   31.0.15.4633
Shader 'Universal Render Pipeline/Particles/Lit': fallback shader 'Universal Render Pipeline/Particles/SimpleLit' not found
Initialize mono
Mono path[0] = 'C:/Program Files/Unity/Hub/Editor/2021.1.7f1/Editor/Data/Managed'
Mono path[1] = 'C:/Program Files/Unity/Hub/Editor/2021.1.7f1/Editor/Data/MonoBleedingEdge/lib/mono/unityjit'
Mono config path = 'C:/Program Files/Unity/Hub/Editor/2021.1.7f1/Editor/Data/MonoBleedingEdge/etc'
Using monoOptions --debugger-agent=transport=dt_socket,embedding=1,server=y,suspend=n,address=127.0.0.1:56104
Begin MonoManager ReloadAssembly
Registering precompiled unity dll's ...
Register platform support module: C:/Program Files/Unity/Hub/Editor/2021.1.7f1/Editor/Data/PlaybackEngines/WindowsStandaloneSupport/UnityEditor.WindowsStandalone.Extensions.dll
Registered in 0.002713 seconds.
Native extension for WindowsStandalone target not found
Refreshing native plugins compatible for Editor in 36.79 ms, found 0 plugins.
Preloading 0 native plugins for Editor in 0.00 ms.
Mono: successfully reloaded assembly
- Completed reload, in  1.774 seconds
Platform modules already initialized, skipping
Registering precompiled user dll's ...
Registered in 0.001302 seconds.
Begin MonoManager ReloadAssembly
Native extension for WindowsStandalone target not found
Refreshing native plugins compatible for Editor in 36.15 ms, found 0 plugins.
Preloading 0 native plugins for Editor in 0.00 ms.
Mono: successfully reloaded assembly
- Completed reload, in  0.802 seconds
Platform modules already initialized, skipping
========================================================================
Worker process is ready to serve import requests
Shader 'Universal Render Pipeline/Particles/Lit': fallback shader 'Universal Render Pipeline/Particles/SimpleLit' not found
Launched and connected shader compiler UnityShaderCompiler.exe after 0.06 seconds
Refreshing native plugins compatible for Editor in 0.51 ms, found 0 plugins.
Preloading 0 native plugins for Editor in 0.00 ms.
Unloading 2164 Unused Serialized files (Serialized files now loaded: 0)
System memory in use before: 107.1 MB.
System memory in use after: 107.2 MB.

Unloading 13 unused Assets to reduce memory usage. Loaded Objects now: 2622.
Total: 2.942000 ms (FindLiveObjects: 0.252200 ms CreateObjectMapping: 0.059100 ms MarkObjects: 2.521700 ms  DeleteObjects: 0.106600 ms)

========================================================================
Received Import Request.
  path: Assets
  artifactKey: Guid(00000000000000001000000000000000) Importer(815301076,1909f56bfc062723c751e8b465ee728b)
Start importing Assets using Guid(00000000000000001000000000000000) Importer(815301076,1909f56bfc062723c751e8b465ee728b)  -> (artifact id: '42d402b061de3733987d63b9cc3b64de') in 0.005868 seconds 
========================================================================
Received Import Request.
  Time since last request: 9.760750 seconds.
  path: Assets/Rendering
  artifactKey: Guid(f5629f3990d18b24085e56fd03750253) Importer(815301076,1909f56bfc062723c751e8b465ee728b)
Start importing Assets/Rendering using Guid(f5629f3990d18b24085e56fd03750253) Importer(815301076,1909f56bfc062723c751e8b465ee728b)  -> (artifact id: 'a0391888678750c3f36de9650c43cf7f') in 0.002097 seconds 
========================================================================
Received Import Request.
  Time since last request: 42.305771 seconds.
  path: Assets/Rendering/UniversalRenderPipelineAsset.asset
  artifactKey: Guid(ebfa398d37ad5c443912d77aab799f5a) Importer(815301076,1909f56bfc062723c751e8b465ee728b)
Start importing Assets/Rendering/UniversalRenderPipelineAsset.asset using Guid(ebfa398d37ad5c443912d77aab799f5a) Importer(815301076,1909f56bfc062723c751e8b465ee728b)  -> (artifact id: 'b83f583c4d7cf1329513948f8d7c48e7') in 0.032025 seconds 
========================================================================
Received Import Request.
  Time since last request: 24.426396 seconds.
  path: Assets/Rendering/UniversalRenderPipelineAsset_Renderer.asset
  artifactKey: Guid(c0c4b29ff0a493e46a8c54a022410ba4) Importer(815301076,1909f56bfc062723c751e8b465ee728b)
Start importing Assets/Rendering/UniversalRenderPipelineAsset_Renderer.asset using Guid(c0c4b29ff0a493e46a8c54a022410ba4) Importer(815301076,1909f56bfc062723c751e8b465ee728b)  -> (artifact id: 'e4a5e84c5ff4c6db77f1b03b7503b069') in 0.002798 seconds 
========================================================================
Received Prepare
Switching render pipeline 00000000000000000000000000000000 -> ebfa398d37ad5c443912d77aab799f5a
Shader 'Universal Render Pipeline/Particles/Lit': fallback shader 'Universal Render Pipeline/Particles/SimpleLit' not found
Refreshing native plugins compatible for Editor in 1.54 ms, found 0 plugins.
Preloading 0 native plugins for Editor in 0.00 ms.
Unloading 5 Unused Serialized files (Serialized files now loaded: 0)
System memory in use before: 59.6 MB.
System memory in use after: 59.8 MB.

Unloading 3 unused Assets to reduce memory usage. Loaded Objects now: 2624.
Total: 4.153800 ms (FindLiveObjects: 0.212900 ms CreateObjectMapping: 0.070000 ms MarkObjects: 3.843200 ms  DeleteObjects: 0.026500 ms)

========================================================================
Received Prepare
Registering precompiled user dll's ...
Registered in 0.002549 seconds.
Begin MonoManager ReloadAssembly
Native extension for WindowsStandalone target not found
Refreshing native plugins compatible for Editor in 0.84 ms, found 0 plugins.
Preloading 0 native plugins for Editor in 0.00 ms.
Mono: successfully reloaded assembly
- Completed reload, in  0.763 seconds
Platform modules already initialized, skipping
Shader 'Universal Render Pipeline/Particles/Lit': fallback shader 'Universal Render Pipeline/Particles/SimpleLit' not found
Refreshing native plugins compatible for Editor in 1.16 ms, found 0 plugins.
Preloading 0 native plugins for Editor in 0.00 ms.
Unloading 2102 Unused Serialized files (Serialized files now loaded: 0)
System memory in use before: 103.5 MB.
System memory in use after: 103.6 MB.

Unloading 5 unused Assets to reduce memory usage. Loaded Objects now: 2627.
Total: 3.092900 ms (FindLiveObjects: 0.235300 ms CreateObjectMapping: 0.222100 ms MarkObjects: 2.604800 ms  DeleteObjects: 0.029200 ms)

========================================================================
Received Import Request.
  Time since last request: 243.607257 seconds.
  path: Assets/CourseAssets
  artifactKey: Guid(26124588896f3804da1e87dd6d404eac) Importer(815301076,1909f56bfc062723c751e8b465ee728b)
Start importing Assets/CourseAssets using Guid(26124588896f3804da1e87dd6d404eac) Importer(815301076,1909f56bfc062723c751e8b465ee728b)  -> (artifact id: '834ae94d3f05e4b53b8ca55b51dbe810') in 0.005583 seconds 
========================================================================
Received Import Request.
  Time since last request: 17.762821 seconds.
  path: Assets/GraphicAssets
  artifactKey: Guid(26124588896f3804da1e87dd6d404eac) Importer(815301076,1909f56bfc062723c751e8b465ee728b)
Start importing Assets/GraphicAssets using Guid(26124588896f3804da1e87dd6d404eac) Importer(815301076,1909f56bfc062723c751e8b465ee728b)  -> (artifact id: '3aebe0bd4e341470098ee1e3d1ffabba') in 0.002201 seconds 
========================================================================
Received Prepare
Registering precompiled user dll's ...
Registered in 0.002482 seconds.
Begin MonoManager ReloadAssembly
Native extension for WindowsStandalone target not found
Refreshing native plugins compatible for Editor in 1.03 ms, found 0 plugins.
Preloading 0 native plugins for Editor in 0.00 ms.
Mono: successfully reloaded assembly
- Completed reload, in  0.763 seconds
Platform modules already initialized, skipping
Shader 'Universal Render Pipeline/Particles/Lit': fallback shader 'Universal Render Pipeline/Particles/SimpleLit' not found
Refreshing native plugins compatible for Editor in 0.95 ms, found 0 plugins.
Preloading 0 native plugins for Editor in 0.00 ms.
Unloading 2102 Unused Serialized files (Serialized files now loaded: 0)
System memory in use before: 103.5 MB.
System memory in use after: 103.7 MB.

Unloading 5 unused Assets to reduce memory usage. Loaded Objects now: 2629.
Total: 2.093800 ms (FindLiveObjects: 0.178200 ms CreateObjectMapping: 0.061700 ms MarkObjects: 1.838500 ms  DeleteObjects: 0.014200 ms)

========================================================================
Received Import Request.
  Time since last request: 1037.469852 seconds.
  path: Assets/GraphicAssets/Layers/TagManager.preset
  artifactKey: Guid(557ff6b3392913d429119140890cf688) Importer(815301076,1909f56bfc062723c751e8b465ee728b)
Start importing Assets/GraphicAssets/Layers/TagManager.preset using Guid(557ff6b3392913d429119140890cf688) Importer(815301076,1909f56bfc062723c751e8b465ee728b)  -> (artifact id: 'bc27b09df6019d2320c490ddcf883cac') in 0.027589 seconds 
========================================================================
Received Import Request.
  Time since last request: 21.034373 seconds.
  path: ProjectSettings/TagManager.asset
  artifactKey: Guid(00000000000000003000000000000000) Importer(815301076,1909f56bfc062723c751e8b465ee728b)
Start importing ProjectSettings/TagManager.asset using Guid(00000000000000003000000000000000) Importer(815301076,1909f56bfc062723c751e8b465ee728b)  -> (artifact id: 'fcd68fb44177a9fb16aaecbac3471a72') in 0.002471 seconds 
========================================================================
Received Import Request.
  Time since last request: 139.354408 seconds.
  path: Assets/GraphicAssets/Animation
  artifactKey: Guid(5f1cf91b8b0a2ef4d9ca80f159deceaf) Importer(815301076,1909f56bfc062723c751e8b465ee728b)
Start importing Assets/GraphicAssets/Animation using Guid(5f1cf91b8b0a2ef4d9ca80f159deceaf) Importer(815301076,1909f56bfc062723c751e8b465ee728b)  -> (artifact id: '6fb58d30d5088a096cfba28fcc178622') in 0.003180 seconds 
========================================================================
Received Import Request.
  Time since last request: 17.908939 seconds.
  path: Assets/GraphicAssets/Animation/Bosses
  artifactKey: Guid(6a06d0651dcee0541a6e5156b7682279) Importer(815301076,1909f56bfc062723c751e8b465ee728b)
Start importing Assets/GraphicAssets/Animation/Bosses using Guid(6a06d0651dcee0541a6e5156b7682279) Importer(815301076,1909f56bfc062723c751e8b465ee728b)  -> (artifact id: '08fdbe01e53fa19ad7d2ebf0d4ed81bb') in 0.002412 seconds 
========================================================================
Received Import Request.
  Time since last request: 3.154455 seconds.
  path: Assets/GraphicAssets/Animation/Bosses/SkullFace/SkullFaceIdleDown.anim
  artifactKey: Guid(4cca1243d6d2cb64ea06f5ab5665abe3) Importer(815301076,1909f56bfc062723c751e8b465ee728b)
Start importing Assets/GraphicAssets/Animation/Bosses/SkullFace/SkullFaceIdleDown.anim using Guid(4cca1243d6d2cb64ea06f5ab5665abe3) Importer(815301076,1909f56bfc062723c751e8b465ee728b)  -> (artifact id: '8e8564f0c8a688eedaae775d9f6d9751') in 0.004813 seconds 
========================================================================
Received Import Request.
  Time since last request: 31.782209 seconds.
  path: Assets/GraphicAssets/Animation/Bosses/SkullFace/SkullFace.controller
  artifactKey: Guid(2a6e05932cc7db243b3bb6296cff5612) Importer(815301076,1909f56bfc062723c751e8b465ee728b)
Start importing Assets/GraphicAssets/Animation/Bosses/SkullFace/SkullFace.controller using Guid(2a6e05932cc7db243b3bb6296cff5612) Importer(815301076,1909f56bfc062723c751e8b465ee728b)  -> (artifact id: 'cfe81eebb812943a935aed89565650ab') in 0.014254 seconds 
========================================================================
Received Import Request.
  Time since last request: 197.297666 seconds.
  path: Assets/GraphicAssets/Animation/Bosses/SkullFace/SkullFaceMoveLeft.anim
  artifactKey: Guid(91adc58321851e546bc1993e8b0a48d3) Importer(815301076,1909f56bfc062723c751e8b465ee728b)
Start importing Assets/GraphicAssets/Animation/Bosses/SkullFace/SkullFaceMoveLeft.anim using Guid(91adc58321851e546bc1993e8b0a48d3) Importer(815301076,1909f56bfc062723c751e8b465ee728b)  -> (artifact id: 'fa471d626bc46c1702e67104b2fae160') in 0.004732 seconds 
========================================================================
Received Import Request.
  Time since last request: 199.425293 seconds.
  path: Assets/GraphicAssets/Textures/Sprites/Bosses/SkullFace/SkullFaceIdleUp.png
  artifactKey: Guid(969e2c49626c94948a5f0ca92b0de676) Importer(815301076,1909f56bfc062723c751e8b465ee728b)
Start importing Assets/GraphicAssets/Textures/Sprites/Bosses/SkullFace/SkullFaceIdleUp.png using Guid(969e2c49626c94948a5f0ca92b0de676) Importer(815301076,1909f56bfc062723c751e8b465ee728b)  -> (artifact id: 'a59f3278377cc674448dd4111acebde8') in 0.209806 seconds 
========================================================================
Received Import Request.
  Time since last request: 99.166353 seconds.
  path: Assets/GraphicAssets/Textures/Sprites/Bosses/SkullFace/SkullFaceMoveRight.png
  artifactKey: Guid(35918f2f851743844bceb8d49700be44) Importer(815301076,1909f56bfc062723c751e8b465ee728b)
Start importing Assets/GraphicAssets/Textures/Sprites/Bosses/SkullFace/SkullFaceMoveRight.png using Guid(35918f2f851743844bceb8d49700be44) Importer(815301076,1909f56bfc062723c751e8b465ee728b)  -> (artifact id: '9743944f16d972a9f3cba2efb31bdb5c') in 0.063933 seconds 
========================================================================
Received Import Request.
  Time since last request: 24.289203 seconds.
  path: Packages/com.unity.render-pipelines.universal/Runtime/Materials/ParticlesUnlit.mat
  artifactKey: Guid(e823cd5b5d27c0f4b8256e7c12ee3e6d) Importer(815301076,1909f56bfc062723c751e8b465ee728b)
Start importing Packages/com.unity.render-pipelines.universal/Runtime/Materials/ParticlesUnlit.mat using Guid(e823cd5b5d27c0f4b8256e7c12ee3e6d) Importer(815301076,1909f56bfc062723c751e8b465ee728b)  -> (artifact id: '7017a5d96273415de9cd39b851df86b8') in 0.164192 seconds 
========================================================================
Received Import Request.
  Time since last request: 0.000746 seconds.
  path: Assets/GraphicAssets/Materials/Enemy/Shader Graphs_EnemyMaterialise_Green.mat
  artifactKey: Guid(2203edc4d7bb7d54d902153ccd995f5c) Importer(815301076,1909f56bfc062723c751e8b465ee728b)
Start importing Assets/GraphicAssets/Materials/Enemy/Shader Graphs_EnemyMaterialise_Green.mat using Guid(2203edc4d7bb7d54d902153ccd995f5c) Importer(815301076,1909f56bfc062723c751e8b465ee728b)  -> (artifact id: 'f1165c6a6553bb183ab8846ab8e3a9eb') in 0.233949 seconds 
========================================================================
Received Import Request.
  Time since last request: 0.001061 seconds.
  path: Packages/com.unity.render-pipelines.universal/Runtime/Materials/TerrainLit.mat
  artifactKey: Guid(594ea882c5a793440b60ff72d896021e) Importer(815301076,1909f56bfc062723c751e8b465ee728b)
Start importing Packages/com.unity.render-pipelines.universal/Runtime/Materials/TerrainLit.mat using Guid(594ea882c5a793440b60ff72d896021e) Importer(815301076,1909f56bfc062723c751e8b465ee728b)  -> (artifact id: 'b2d879a511fe8c608a3cb0cfb98f1a18') in 0.011554 seconds 
========================================================================
Received Import Request.
  Time since last request: 0.000840 seconds.
  path: Packages/com.unity.render-pipelines.universal/Runtime/Materials/Sprite-Unlit-Default.mat
  artifactKey: Guid(9dfc825aed78fcd4ba02077103263b40) Importer(815301076,1909f56bfc062723c751e8b465ee728b)
Start importing Packages/com.unity.render-pipelines.universal/Runtime/Materials/Sprite-Unlit-Default.mat using Guid(9dfc825aed78fcd4ba02077103263b40) Importer(815301076,1909f56bfc062723c751e8b465ee728b)  -> (artifact id: '432a0c9b11ecb30fb09818bd8ddeeddb') in 0.010182 seconds 
========================================================================
Received Import Request.
  Time since last request: 0.000745 seconds.
  path: Packages/com.unity.render-pipelines.universal/Runtime/Materials/SimpleLit.mat
  artifactKey: Guid(6a1143ee683302f4aa628c052723efc1) Importer(815301076,1909f56bfc062723c751e8b465ee728b)
Start importing Packages/com.unity.render-pipelines.universal/Runtime/Materials/SimpleLit.mat using Guid(6a1143ee683302f4aa628c052723efc1) Importer(815301076,1909f56bfc062723c751e8b465ee728b)  -> (artifact id: '80dbbbec5b98036d6d2f68d92f5742cb') in 0.052688 seconds 
========================================================================
Received Import Request.
  Time since last request: 0.000722 seconds.
  path: Packages/com.unity.render-pipelines.universal/Runtime/Materials/Sprite-Lit-Default.mat
  artifactKey: Guid(a97c105638bdf8b4a8650670310a4cd3) Importer(815301076,1909f56bfc062723c751e8b465ee728b)
Start importing Packages/com.unity.render-pipelines.universal/Runtime/Materials/Sprite-Lit-Default.mat using Guid(a97c105638bdf8b4a8650670310a4cd3) Importer(815301076,1909f56bfc062723c751e8b465ee728b)  -> (artifact id: '4ee3093a8dda095f3406b6049d1c78da') in 0.009209 seconds 
========================================================================
Received Import Request.
  Time since last request: 62.282450 seconds.
  path: Assets/GraphicAssets/Textures/Sprites/Bosses/SkullFace/SkullFaceMoveUp.png
  artifactKey: Guid(c75ae56b863d4804f8f550d4189a1959) Importer(815301076,1909f56bfc062723c751e8b465ee728b)
Start importing Assets/GraphicAssets/Textures/Sprites/Bosses/SkullFace/SkullFaceMoveUp.png using Guid(c75ae56b863d4804f8f550d4189a1959) Importer(815301076,1909f56bfc062723c751e8b465ee728b)  -> (artifact id: 'f4d2f8af04617a35a764cf2dd6207596') in 0.018692 seconds 
========================================================================
Received Import Request.
  Time since last request: 3.325656 seconds.
  path: Assets/GraphicAssets/Textures/Sprites/Bosses/SkullFace/SkullFaceIdleDown.png
  artifactKey: Guid(7bdbf47b0efa80f4b8f0b72e6571c9da) Importer(815301076,1909f56bfc062723c751e8b465ee728b)
Start importing Assets/GraphicAssets/Textures/Sprites/Bosses/SkullFace/SkullFaceIdleDown.png using Guid(7bdbf47b0efa80f4b8f0b72e6571c9da) Importer(815301076,1909f56bfc062723c751e8b465ee728b)  -> (artifact id: '223745d75fc9946e756de26d1c70fbe0') in 0.023746 seconds 
========================================================================
Received Import Request.
  Time since last request: 51.135220 seconds.
  path: Assets/GraphicAssets/Fonts/dlxfont.asset
  artifactKey: Guid(dfe1ba23c638bec49a583843476bb5c9) Importer(815301076,1909f56bfc062723c751e8b465ee728b)
Start importing Assets/GraphicAssets/Fonts/dlxfont.asset using Guid(dfe1ba23c638bec49a583843476bb5c9) Importer(815301076,1909f56bfc062723c751e8b465ee728b)  -> (artifact id: '18c2f5b4a7415cc3abc633f661100239') in 0.035195 seconds 
========================================================================
Received Import Request.
  Time since last request: 26.272917 seconds.
  path: Assets/GraphicAssets/Textures/Sprites/Shapes/WhiteSquare1x1.png
  artifactKey: Guid(bb7ccf2391a6a544ab96e81e36b6a0ed) Importer(815301076,1909f56bfc062723c751e8b465ee728b)
Start importing Assets/GraphicAssets/Textures/Sprites/Shapes/WhiteSquare1x1.png using Guid(bb7ccf2391a6a544ab96e81e36b6a0ed) Importer(815301076,1909f56bfc062723c751e8b465ee728b)  -> (artifact id: 'dd842b6ddd1d060d06b23de908ad5c7c') in 0.011418 seconds 
========================================================================
Received Import Request.
  Time since last request: 28.471803 seconds.
  path: Assets/GraphicAssets/Sounds/Music/Boss Battle.ogg
  artifactKey: Guid(70298172d88ca2b4fb08d70a5c52c99b) Importer(815301076,1909f56bfc062723c751e8b465ee728b)
Start importing Assets/GraphicAssets/Sounds/Music/Boss Battle.ogg using Guid(70298172d88ca2b4fb08d70a5c52c99b) Importer(815301076,1909f56bfc062723c751e8b465ee728b)  -> (artifact id: 'f9f056db6c481adbda084aefdfda6392') in 0.029487 seconds 
========================================================================
Received Import Request.
  Time since last request: 13.330322 seconds.
  path: Assets/GraphicAssets/Sounds/Music/Dungeon Melancohly.ogg
  artifactKey: Guid(7c65c6045b7ddae45aa34ecdc3810f34) Importer(815301076,1909f56bfc062723c751e8b465ee728b)
Start importing Assets/GraphicAssets/Sounds/Music/Dungeon Melancohly.ogg using Guid(7c65c6045b7ddae45aa34ecdc3810f34) Importer(815301076,1909f56bfc062723c751e8b465ee728b)  -> (artifact id: 'f683666306d34b652f14c99333b133e4') in 0.009006 seconds 
========================================================================
Received Import Request.
  Time since last request: 115.658453 seconds.
  path: Assets/GraphicAssets/Textures/Sprite Atlas.spriteatlas
  artifactKey: Guid(072626f7873ef034daa06b744980e593) Importer(815301076,1909f56bfc062723c751e8b465ee728b)
Start importing Assets/GraphicAssets/Textures/Sprite Atlas.spriteatlas using Guid(072626f7873ef034daa06b744980e593) Importer(815301076,1909f56bfc062723c751e8b465ee728b)  -> (artifact id: 'c21cc283612cbb34f42e5cfe196967f4') in 0.021131 seconds 
========================================================================
Received Import Request.
  Time since last request: 42.605820 seconds.
  path: Assets/GraphicAssets/Tilemap/CustomBrushScripts
  artifactKey: Guid(e5f1ec50f00d82441966c36af95c1fc2) Importer(815301076,1909f56bfc062723c751e8b465ee728b)
Start importing Assets/GraphicAssets/Tilemap/CustomBrushScripts using Guid(e5f1ec50f00d82441966c36af95c1fc2) Importer(815301076,1909f56bfc062723c751e8b465ee728b)  -> (artifact id: 'e36d39f9b5573561fd544826cfea6048') in 0.002859 seconds 
========================================================================
Received Import Request.
  Time since last request: 3.361669 seconds.
  path: Assets/GraphicAssets/Tilemap/CustomBrushScripts/CoordinateBrush/Editor/CoordinateBrush.cs
  artifactKey: Guid(097a1f264e8824c4bb5951bd3b4f83d5) Importer(815301076,1909f56bfc062723c751e8b465ee728b)
Start importing Assets/GraphicAssets/Tilemap/CustomBrushScripts/CoordinateBrush/Editor/CoordinateBrush.cs using Guid(097a1f264e8824c4bb5951bd3b4f83d5) Importer(815301076,1909f56bfc062723c751e8b465ee728b)  -> (artifact id: 'da555b6fa9370c71cbd7a7735f6f200f') in 0.007091 seconds 
AssetImportWorkerClient::OnTransportError - code=2 error=End of file
